<?xml version="1.0" encoding="UTF-8"?>
<!-- Generated by org.testng.reporters.JUnitReportReporter -->
<testsuite skipped="0" hostname="Netras-MBP.localdomain" name="com.apex.testNG.UserApi_GET" tests="15" failures="0" timestamp="2022-05-10T18:19:56 PDT" time="1.772" errors="0">
  <testcase name="testWithSingleUserNotFound" time="0.001" classname="com.apex.testNG.UserApi_GET"/>
  <system-out/>
  <testcase name="testWithSingleResource" time="0.001" classname="com.apex.testNG.UserApi_GET"/>
  <system-out/>
  <testcase name="testWithSingleResourceNotFound" time="0.002" classname="com.apex.testNG.UserApi_GET"/>
  <system-out/>
  <testcase name="testWithSpecialCharecter" time="0.428" classname="com.apex.testNG.UserApi_GET"/>
  <system-out/>
  <testcase name="testWithBlank" time="0.533" classname="com.apex.testNG.UserApi_GET"/>
  <system-out/>
  <testcase name="testWithValidId" time="0.001" classname="com.apex.testNG.UserApi_GET"/>
  <system-out/>
  <testcase name="testWithCorrectUserID" time="0.143" classname="com.apex.testNG.UserApi_GET"/>
  <system-out/>
  <testcase name="testWithLongNumber" time="0.125" classname="com.apex.testNG.UserApi_GET"/>
  <system-out/>
  <testcase name="testWithInvalidId" time="0.002" classname="com.apex.testNG.UserApi_GET"/>
  <system-out/>
  <testcase name="testWithLockedMember" time="0.002" classname="com.apex.testNG.UserApi_GET"/>
  <system-out/>
  <testcase name="testWithSingleUserFound" time="0.001" classname="com.apex.testNG.UserApi_GET"/>
  <system-out/>
  <testcase name="testWithDelayedResponse" time="0.001" classname="com.apex.testNG.UserApi_GET"/>
  <system-out/>
  <testcase name="testWithListOfResourceFound" time="0.001" classname="com.apex.testNG.UserApi_GET"/>
  <system-out/>
  <testcase name="testWithInvalidUser" time="0.001" classname="com.apex.testNG.UserApi_GET"/>
  <system-out/>
  <testcase name="testWithNonNumber" time="0.530" classname="com.apex.testNG.UserApi_GET"/>
  <system-out/>
</testsuite> <!-- com.apex.testNG.UserApi_GET -->
