<?xml version="1.0" encoding="UTF-8"?>
<!-- Generated by org.testng.reporters.JUnitReportReporter -->
<testsuite skipped="0" hostname="Netras-MBP.localdomain" name="com.apex.samples.Post_Api_Test" tests="3" failures="0" timestamp="2022-05-11T18:25:35 PDT" time="2.116" errors="0">
  <testcase name="testPostWithValidData" time="0.908" classname="com.apex.samples.Post_Api_Test"/>
  <system-out/>
  <testcase name="testPostWithINValidData" time="0.450" classname="com.apex.samples.Post_Api_Test"/>
  <system-out/>
  <testcase name="testPostWithEmptyString" time="0.758" classname="com.apex.samples.Post_Api_Test"/>
  <system-out/>
</testsuite> <!-- com.apex.samples.Post_Api_Test -->
