<?xml version="1.0" encoding="UTF-8"?>
<!-- Generated by org.testng.reporters.JUnitReportReporter -->
<testsuite skipped="0" hostname="Netras-MBP.localdomain" name="com.apex.PutDelete.Delete_api_Test" tests="1" failures="0" timestamp="2022-05-12T11:18:00 PDT" time="0.831" errors="0">
  <testcase name="testPostWithValidData" time="0.831" classname="com.apex.PutDelete.Delete_api_Test"/>
  <system-out/>
</testsuite> <!-- com.apex.PutDelete.Delete_api_Test -->
