<?xml version="1.0" encoding="UTF-8"?>
<!-- Generated by org.testng.reporters.JUnitReportReporter -->
<testsuite skipped="0" hostname="Netras-MBP.localdomain" name="com.qa.tests.GetAPITest" tests="2" failures="0" timestamp="2022-05-09T22:39:52 PDT" time="0.854" errors="0">
  <testcase name="getAPIResponseWithoutHeader" time="0.657" classname="com.qa.tests.GetAPITest"/>
  <system-out/>
  <testcase name="getAPITestWithHeaders" time="0.197" classname="com.qa.tests.GetAPITest"/>
  <system-out/>
</testsuite> <!-- com.qa.tests.GetAPITest -->
