<?xml version="1.0" encoding="UTF-8"?>
<!-- Generated by org.testng.reporters.JUnitReportReporter -->
<testsuite skipped="0" hostname="Netras-MBP.localdomain" name="com.apex.post.USERAPI_TEST_POST" tests="1" failures="0" timestamp="2022-05-23T14:41:18 PDT" time="1.411" errors="0">
  <testcase name="whenSendPostRequestUsingHttpClient_thenCorrect" time="1.411" classname="com.apex.post.USERAPI_TEST_POST"/>
  <system-out/>
</testsuite> <!-- com.apex.post.USERAPI_TEST_POST -->
