<?xml version="1.0" encoding="UTF-8"?>
<!-- Generated by org.testng.reporters.JUnitReportReporter -->
<testsuite skipped="0" hostname="Netras-MBP.localdomain" name="com.apex.get.UserAPI_Test_GET" tests="4" failures="0" timestamp="2022-05-12T09:47:33 PDT" time="1.308" errors="0">
  <testcase name="testWithCorrectUserID" time="0.160" classname="com.apex.get.UserAPI_Test_GET"/>
  <system-out/>
  <testcase name="testWithLockedMember" time="0.126" classname="com.apex.get.UserAPI_Test_GET"/>
  <system-out/>
  <testcase name="testWithCharacter" time="0.889" classname="com.apex.get.UserAPI_Test_GET"/>
  <system-out/>
  <testcase name="testWithLongNumber" time="0.133" classname="com.apex.get.UserAPI_Test_GET"/>
  <system-out/>
</testsuite> <!-- com.apex.get.UserAPI_Test_GET -->
