<?xml version="1.0" encoding="UTF-8"?>
<!-- Generated by org.testng.reporters.JUnitReportReporter -->
<testsuite skipped="0" hostname="Netras-MBP.localdomain" name="com.apex.get.UserApi_GET" tests="18" failures="0" timestamp="2022-05-12T11:18:14 PDT" time="7.523" errors="0">
  <testcase name="testWithSingleUserNotFound" time="0.001" classname="com.apex.get.UserApi_GET"/>
  <system-out/>
  <testcase name="testWithNonRegisteredUsername" time="0.002" classname="com.apex.get.UserApi_GET"/>
  <system-out/>
  <testcase name="testWithNonNumber" time="0.867" classname="com.apex.get.UserApi_GET"/>
  <system-out/>
  <testcase name="testWithInvalidUser" time="0.002" classname="com.apex.get.UserApi_GET"/>
  <system-out/>
  <testcase name="testWithInvalidId" time="0.008" classname="com.apex.get.UserApi_GET"/>
  <system-out/>
  <testcase name="testWithRegisteredIncorrectUsername" time="0.001" classname="com.apex.get.UserApi_GET"/>
  <system-out/>
  <testcase name="testWithSingleUserFound" time="0.001" classname="com.apex.get.UserApi_GET"/>
  <system-out/>
  <testcase name="testWithValidId" time="0.001" classname="com.apex.get.UserApi_GET"/>
  <system-out/>
  <testcase name="testWithCorrectUserID" time="0.150" classname="com.apex.get.UserApi_GET"/>
  <system-out/>
  <testcase name="testWithLongNumber" time="0.478" classname="com.apex.get.UserApi_GET"/>
  <system-out/>
  <testcase name="testWithSpecialCharecter" time="0.423" classname="com.apex.get.UserApi_GET"/>
  <system-out/>
  <testcase name="testWithBlank" time="0.119" classname="com.apex.get.UserApi_GET"/>
  <system-out/>
  <testcase name="testWithLockedMember" time="0.498" classname="com.apex.get.UserApi_GET"/>
  <system-out/>
  <testcase name="testWithAlphaNumeric" time="0.445" classname="com.apex.get.UserApi_GET"/>
  <system-out/>
  <testcase name="testWithListOfResourceFound" time="0.118" classname="com.apex.get.UserApi_GET"/>
  <system-out/>
  <testcase name="testWithSingleResourceNotFound" time="0.494" classname="com.apex.get.UserApi_GET"/>
  <system-out/>
  <testcase name="testWithSingleResource" time="0.469" classname="com.apex.get.UserApi_GET"/>
  <system-out/>
  <testcase name="testWithDelayedResponse" time="3.446" classname="com.apex.get.UserApi_GET"/>
  <system-out/>
</testsuite> <!-- com.apex.get.UserApi_GET -->
