<?xml version="1.0" encoding="UTF-8"?>
<!-- Generated by org.testng.reporters.JUnitReportReporter -->
<testsuite skipped="0" hostname="Netras-MBP.localdomain" name="com.apex.PutDelete.Put_api_Test" tests="1" failures="0" timestamp="2022-05-12T11:17:50 PDT" time="1.032" errors="0">
  <testcase name="testPostWithValidData" time="1.032" classname="com.apex.PutDelete.Put_api_Test"/>
  <system-out/>
</testsuite> <!-- com.apex.PutDelete.Put_api_Test -->
