<?xml version="1.0" encoding="UTF-8"?>
<!-- Generated by org.testng.reporters.JUnitReportReporter -->
<testsuite skipped="0" hostname="Netras-MBP.localdomain" name="com.apex.samples_TestNG.UserAPI_Test_PUT_TestNG" tests="1" failures="0" timestamp="2022-05-16T10:37:19 PDT" time="1.532" errors="0">
  <testcase name="testWithCorrectUserIDPut" time="1.532" classname="com.apex.samples_TestNG.UserAPI_Test_PUT_TestNG"/>
  <system-out/>
</testsuite> <!-- com.apex.samples_TestNG.UserAPI_Test_PUT_TestNG -->
