<?xml version="1.0" encoding="UTF-8"?>
<!-- Generated by org.testng.reporters.JUnitReportReporter -->
<testsuite skipped="0" hostname="Netras-MBP.localdomain" name="dataDriven.Demo3" tests="1" failures="0" timestamp="2022-05-16T11:18:29 PDT" time="0.008" errors="0">
  <testcase name="f" time="0.008" classname="dataDriven.Demo3"/>
  <system-out/>
</testsuite> <!-- dataDriven.Demo3 -->
