<?xml version="1.0" encoding="UTF-8"?>
<!-- Generated by org.testng.reporters.JUnitReportReporter -->
<testsuite skipped="1" hostname="Netras-MBP.localdomain" name="com.apex.samples_TestNG.UserApi_Test_Get_TestNG_DD_1" tests="1" failures="0" timestamp="2022-05-17T22:35:40 PDT" time="0.000" errors="0">
  <testcase name="testWithCorrectUserID" time="0.000" classname="com.apex.samples_TestNG.UserApi_Test_Get_TestNG_DD_1">
    <skipped/>
  </testcase> <!-- testWithCorrectUserID -->
  <system-out/>
</testsuite> <!-- com.apex.samples_TestNG.UserApi_Test_Get_TestNG_DD_1 -->
