<?xml version="1.0" encoding="UTF-8"?>
<!-- Generated by org.testng.reporters.JUnitReportReporter -->
<testsuite skipped="0" hostname="Netras-MBP.localdomain" name="com.apex.post.Post_Api_Test" tests="3" failures="0" timestamp="2022-05-22T21:09:15 PDT" time="2.395" errors="0">
  <testcase name="testPostWithValidData" time="1.225" classname="com.apex.post.Post_Api_Test"/>
  <system-out/>
  <testcase name="testPostWithINValidData" time="0.532" classname="com.apex.post.Post_Api_Test"/>
  <system-out/>
  <testcase name="testPostWithEmptyString" time="0.638" classname="com.apex.post.Post_Api_Test"/>
  <system-out/>
</testsuite> <!-- com.apex.post.Post_Api_Test -->
