<?xml version="1.0" encoding="UTF-8"?>
<!-- Generated by org.testng.reporters.JUnitReportReporter -->
<testsuite skipped="0" hostname="Netras-MBP.localdomain" name="com.apex.samples_TestNG.UserAPI_Test_POST_TestNG" tests="2" failures="0" timestamp="2022-05-22T22:17:54 PDT" time="1.287" errors="0">
  <testcase name="f" time="0.008" classname="com.apex.samples_TestNG.UserAPI_Test_POST_TestNG"/>
  <system-out/>
  <testcase name="testWithCorrectUserIDPost" time="1.279" classname="com.apex.samples_TestNG.UserAPI_Test_POST_TestNG"/>
  <system-out/>
</testsuite> <!-- com.apex.samples_TestNG.UserAPI_Test_POST_TestNG -->
