<?xml version="1.0" encoding="UTF-8"?>
<!-- Generated by org.testng.reporters.JUnitReportReporter -->
<testsuite skipped="0" hostname="Netras-MBP.localdomain" name="com.apex.samples.UserAPI_Test_GET_TestNG" tests="1" failures="0" timestamp="2022-05-11T11:43:51 PDT" time="0.785" errors="0">
  <testcase name="testWithCorrectUserID" time="0.785" classname="com.apex.samples.UserAPI_Test_GET_TestNG"/>
  <system-out/>
</testsuite> <!-- com.apex.samples.UserAPI_Test_GET_TestNG -->
