<?xml version="1.0" encoding="UTF-8"?>
<!-- Generated by org.testng.reporters.JUnitReportReporter -->
<testsuite skipped="0" hostname="Netras-MBP.localdomain" name="com.apex.samples_TestNG.UserAPI_Test_GET_TestNG" tests="4" failures="0" timestamp="2022-05-16T10:44:20 PDT" time="3.322" errors="0">
  <testcase name="testWithCharacter" time="1.973" classname="com.apex.samples_TestNG.UserAPI_Test_GET_TestNG"/>
  <system-out/>
  <testcase name="testWithCorrectUserID" time="0.128" classname="com.apex.samples_TestNG.UserAPI_Test_GET_TestNG"/>
  <system-out/>
  <testcase name="testWithLockedMember" time="0.610" classname="com.apex.samples_TestNG.UserAPI_Test_GET_TestNG"/>
  <system-out/>
  <testcase name="testWithLongNumber" time="0.611" classname="com.apex.samples_TestNG.UserAPI_Test_GET_TestNG"/>
  <system-out/>
</testsuite> <!-- com.apex.samples_TestNG.UserAPI_Test_GET_TestNG -->
