<?xml version="1.0" encoding="UTF-8"?>
<!-- Generated by org.testng.reporters.JUnitReportReporter -->
<testsuite skipped="0" hostname="Netras-MBP.localdomain" name="com.apex.samples.USERAPI_TEST_POST" tests="4" failures="0" timestamp="2022-05-11T18:04:50 PDT" time="1.588" errors="0">
  <testcase name="testWithLoginUnsuccessful" time="0.001" classname="com.apex.samples.USERAPI_TEST_POST"/>
  <system-out/>
  <testcase name="testWithCorrectUserID" time="1.090" classname="com.apex.samples.USERAPI_TEST_POST"/>
  <system-out/>
  <testcase name="testWithLoginSuccessful" time="0.001" classname="com.apex.samples.USERAPI_TEST_POST"/>
  <system-out/>
  <testcase name="testWithRegisterSuccessful" time="0.496" classname="com.apex.samples.USERAPI_TEST_POST"/>
  <system-out/>
</testsuite> <!-- com.apex.samples.USERAPI_TEST_POST -->
